<?xml version="1.0" encoding="UTF-8"?>
<!-- Generated by org.testng.reporters.JUnitReportReporter -->
<testsuite hostname="DESKTOP-1A6M4GU" failures="0" tests="2" name="testNGFW.Demo" time="0.027" errors="0" timestamp="2023-04-07T19:23:10 MDT" skipped="0">
  <testcase classname="testNGFW.Demo" name="test2" time="0.005"/>
  <system-out/>
  <testcase classname="testNGFW.Demo" name="test1" time="0.022"/>
  <system-out/>
</testsuite> <!-- testNGFW.Demo -->
